app/build/intermediates/manifest_merge_blame_file/debug/manifest-merger-blame-debug-report.txt
1<?xml version="1.0" encoding="utf-8"?>
2<manifest xmlns:android="http://schemas.android.com/apk/res/android"
3    package="com.example.hoppy"
4    android:versionCode="1"
5    android:versionName="1.0" >
6
7    <uses-sdk
8        android:minSdkVersion="16"
8-->src\main\AndroidManifest.xml
9        android:targetSdkVersion="29" />
9-->src\main\AndroidManifest.xml
10
11    <uses-permission android:name="android.permission.INTERNET" />
11-->src\main\AndroidManifest.xml:5:5-67
11-->src\main\AndroidManifest.xml:5:22-64
12    <uses-permission android:name="android.permission.WRITE_EXTERNAL_STORAGE" />
12-->src\main\AndroidManifest.xml:6:5-81
12-->src\main\AndroidManifest.xml:6:22-78
13
14    <!-- Although the *SdkVersion is captured in gradle build files, this is required for non gradle builds -->
15    <!-- <uses-sdk android:minSdkVersion="14"/> -->
16    <uses-permission android:name="android.permission.ACCESS_NETWORK_STATE" />
16-->[com.google.firebase:firebase-database:19.5.1] AndroidManifest.xml:25:5-79
16-->[com.google.firebase:firebase-database:19.5.1] AndroidManifest.xml:25:22-76
17    <uses-permission android:name="android.permission.READ_EXTERNAL_STORAGE" />
18
19    <application
19-->src\main\AndroidManifest.xml:8:5-44:19
20        android:allowBackup="true"
20-->src\main\AndroidManifest.xml:9:9-35
21        android:appComponentFactory="androidx.core.app.CoreComponentFactory"
21-->[androidx.core:core:1.3.1] AndroidManifest.xml:24:18-86
22        android:debuggable="true"
23        android:icon="@mipmap/ic_launcher"
23-->src\main\AndroidManifest.xml:10:9-43
24        android:label="@string/app_name"
24-->src\main\AndroidManifest.xml:11:9-41
25        android:roundIcon="@mipmap/ic_launcher_round"
25-->src\main\AndroidManifest.xml:12:9-54
26        android:supportsRtl="true"
26-->src\main\AndroidManifest.xml:13:9-35
27        android:testOnly="true"
28        android:theme="@style/AppTheme"
28-->src\main\AndroidManifest.xml:14:9-40
29        android:usesCleartextTraffic="true" >
29-->src\main\AndroidManifest.xml:15:9-44
30        <activity android:name="com.example.hoppy.multiBookings" />
30-->src\main\AndroidManifest.xml:16:9-51
30-->src\main\AndroidManifest.xml:16:19-48
31        <activity android:name="com.example.hoppy.bookingsDetail" />
31-->src\main\AndroidManifest.xml:17:9-52
31-->src\main\AndroidManifest.xml:17:19-49
32        <activity android:name="com.example.hoppy.about" />
32-->src\main\AndroidManifest.xml:18:9-43
32-->src\main\AndroidManifest.xml:18:19-40
33        <activity android:name="com.example.hoppy.helpCenter" />
33-->src\main\AndroidManifest.xml:19:9-48
33-->src\main\AndroidManifest.xml:19:19-45
34        <activity android:name="com.example.hoppy.foodDetailss" />
34-->src\main\AndroidManifest.xml:20:9-50
34-->src\main\AndroidManifest.xml:20:19-47
35        <activity android:name="com.example.hoppy.foodinfo" />
35-->src\main\AndroidManifest.xml:21:9-46
35-->src\main\AndroidManifest.xml:21:19-43
36        <activity android:name="com.example.hoppy.foodListing" />
36-->src\main\AndroidManifest.xml:22:9-49
36-->src\main\AndroidManifest.xml:22:19-46
37        <activity android:name="com.example.hoppy.activistdetails" />
37-->src\main\AndroidManifest.xml:23:9-53
37-->src\main\AndroidManifest.xml:23:19-50
38        <activity android:name="com.example.hoppy.activitiesinfo" />
38-->src\main\AndroidManifest.xml:24:9-52
38-->src\main\AndroidManifest.xml:24:19-49
39        <activity android:name="com.example.hoppy.activitieslisting" />
39-->src\main\AndroidManifest.xml:25:9-55
39-->src\main\AndroidManifest.xml:25:19-52
40        <activity android:name="com.example.hoppy.confirmationpage" />
40-->src\main\AndroidManifest.xml:26:9-54
40-->src\main\AndroidManifest.xml:26:19-51
41        <activity android:name="com.example.hoppy.travellerdetails" />
41-->src\main\AndroidManifest.xml:27:9-54
41-->src\main\AndroidManifest.xml:27:19-51
42        <activity android:name="com.example.hoppy.homestayinfo" />
42-->src\main\AndroidManifest.xml:28:9-50
42-->src\main\AndroidManifest.xml:28:19-47
43        <activity android:name="com.example.hoppy.bookinglisting" />
43-->src\main\AndroidManifest.xml:29:9-52
43-->src\main\AndroidManifest.xml:29:19-49
44        <activity android:name="com.example.hoppy.searchpackage" />
44-->src\main\AndroidManifest.xml:30:9-51
44-->src\main\AndroidManifest.xml:30:19-48
45        <activity android:name="com.example.hoppy.editprofile" />
45-->src\main\AndroidManifest.xml:31:9-49
45-->src\main\AndroidManifest.xml:31:19-46
46        <activity android:name="com.example.hoppy.userprofile" />
46-->src\main\AndroidManifest.xml:32:9-49
46-->src\main\AndroidManifest.xml:32:19-46
47        <activity android:name="com.example.hoppy.home" />
47-->src\main\AndroidManifest.xml:33:9-42
47-->src\main\AndroidManifest.xml:33:19-39
48        <activity android:name="com.example.hoppy.login" />
48-->src\main\AndroidManifest.xml:34:9-43
48-->src\main\AndroidManifest.xml:34:19-40
49        <activity android:name="com.example.hoppy.createAccount" />
49-->src\main\AndroidManifest.xml:35:9-51
49-->src\main\AndroidManifest.xml:35:19-48
50        <activity android:name="com.example.hoppy.hoppyMain" />
50-->src\main\AndroidManifest.xml:36:9-47
50-->src\main\AndroidManifest.xml:36:19-44
51        <activity android:name="com.example.hoppy.MainActivity" >
51-->src\main\AndroidManifest.xml:37:9-43:20
51-->src\main\AndroidManifest.xml:37:19-47
52            <intent-filter>
52-->src\main\AndroidManifest.xml:38:13-42:29
53                <action android:name="android.intent.action.MAIN" />
53-->src\main\AndroidManifest.xml:39:17-69
53-->src\main\AndroidManifest.xml:39:25-66
54
55                <category android:name="android.intent.category.LAUNCHER" />
55-->src\main\AndroidManifest.xml:41:17-77
55-->src\main\AndroidManifest.xml:41:27-74
56            </intent-filter>
57        </activity>
58
59        <service
59-->[com.google.firebase:firebase-database:19.5.1] AndroidManifest.xml:29:9-35:19
60            android:name="com.google.firebase.components.ComponentDiscoveryService"
60-->[com.google.firebase:firebase-database:19.5.1] AndroidManifest.xml:30:13-84
61            android:directBootAware="true"
61-->[com.google.firebase:firebase-common:19.4.0] AndroidManifest.xml:35:13-43
62            android:exported="false" >
62-->[com.google.firebase:firebase-database:19.5.1] AndroidManifest.xml:31:13-37
63            <meta-data
63-->[com.google.firebase:firebase-database:19.5.1] AndroidManifest.xml:32:13-34:85
64                android:name="com.google.firebase.components:com.google.firebase.database.DatabaseRegistrar"
64-->[com.google.firebase:firebase-database:19.5.1] AndroidManifest.xml:33:17-109
65                android:value="com.google.firebase.components.ComponentRegistrar" />
65-->[com.google.firebase:firebase-database:19.5.1] AndroidManifest.xml:34:17-82
66            <meta-data
66-->[com.google.firebase:firebase-storage:19.2.0] AndroidManifest.xml:33:13-35:85
67                android:name="com.google.firebase.components:com.google.firebase.storage.StorageRegistrar"
67-->[com.google.firebase:firebase-storage:19.2.0] AndroidManifest.xml:34:17-107
68                android:value="com.google.firebase.components.ComponentRegistrar" />
68-->[com.google.firebase:firebase-storage:19.2.0] AndroidManifest.xml:35:17-82
69            <meta-data
69-->[com.google.firebase:firebase-auth:20.0.1] AndroidManifest.xml:77:13-79:85
70                android:name="com.google.firebase.components:com.google.firebase.auth.FirebaseAuthRegistrar"
70-->[com.google.firebase:firebase-auth:20.0.1] AndroidManifest.xml:78:17-109
71                android:value="com.google.firebase.components.ComponentRegistrar" />
71-->[com.google.firebase:firebase-auth:20.0.1] AndroidManifest.xml:79:17-82
72        </service>
73
74        <activity
74-->[com.google.firebase:firebase-auth:20.0.1] AndroidManifest.xml:27:9-44:20
75            android:name="com.google.firebase.auth.internal.GenericIdpActivity"
75-->[com.google.firebase:firebase-auth:20.0.1] AndroidManifest.xml:28:13-80
76            android:excludeFromRecents="true"
76-->[com.google.firebase:firebase-auth:20.0.1] AndroidManifest.xml:29:13-46
77            android:exported="true"
77-->[com.google.firebase:firebase-auth:20.0.1] AndroidManifest.xml:30:13-36
78            android:launchMode="singleTask"
78-->[com.google.firebase:firebase-auth:20.0.1] AndroidManifest.xml:31:13-44
79            android:theme="@android:style/Theme.Translucent.NoTitleBar" >
79-->[com.google.firebase:firebase-auth:20.0.1] AndroidManifest.xml:32:13-72
80            <intent-filter>
80-->[com.google.firebase:firebase-auth:20.0.1] AndroidManifest.xml:33:13-43:29
81                <action android:name="android.intent.action.VIEW" />
81-->[com.google.firebase:firebase-auth:20.0.1] AndroidManifest.xml:34:17-69
81-->[com.google.firebase:firebase-auth:20.0.1] AndroidManifest.xml:34:25-66
82
83                <category android:name="android.intent.category.DEFAULT" />
83-->[com.google.firebase:firebase-auth:20.0.1] AndroidManifest.xml:36:17-76
83-->[com.google.firebase:firebase-auth:20.0.1] AndroidManifest.xml:36:27-73
84                <category android:name="android.intent.category.BROWSABLE" />
84-->[com.google.firebase:firebase-auth:20.0.1] AndroidManifest.xml:37:17-78
84-->[com.google.firebase:firebase-auth:20.0.1] AndroidManifest.xml:37:27-75
85
86                <data
86-->[com.google.firebase:firebase-auth:20.0.1] AndroidManifest.xml:39:17-42:51
87                    android:host="firebase.auth"
87-->[com.google.firebase:firebase-auth:20.0.1] AndroidManifest.xml:40:21-49
88                    android:path="/"
88-->[com.google.firebase:firebase-auth:20.0.1] AndroidManifest.xml:41:21-37
89                    android:scheme="genericidp" />
89-->[com.google.firebase:firebase-auth:20.0.1] AndroidManifest.xml:42:21-48
90            </intent-filter>
91        </activity>
92        <activity
92-->[com.google.firebase:firebase-auth:20.0.1] AndroidManifest.xml:45:9-62:20
93            android:name="com.google.firebase.auth.internal.RecaptchaActivity"
93-->[com.google.firebase:firebase-auth:20.0.1] AndroidManifest.xml:46:13-79
94            android:excludeFromRecents="true"
94-->[com.google.firebase:firebase-auth:20.0.1] AndroidManifest.xml:47:13-46
95            android:exported="true"
95-->[com.google.firebase:firebase-auth:20.0.1] AndroidManifest.xml:48:13-36
96            android:launchMode="singleTask"
96-->[com.google.firebase:firebase-auth:20.0.1] AndroidManifest.xml:49:13-44
97            android:theme="@android:style/Theme.Translucent.NoTitleBar" >
97-->[com.google.firebase:firebase-auth:20.0.1] AndroidManifest.xml:50:13-72
98            <intent-filter>
98-->[com.google.firebase:firebase-auth:20.0.1] AndroidManifest.xml:51:13-61:29
99                <action android:name="android.intent.action.VIEW" />
99-->[com.google.firebase:firebase-auth:20.0.1] AndroidManifest.xml:34:17-69
99-->[com.google.firebase:firebase-auth:20.0.1] AndroidManifest.xml:34:25-66
100
101                <category android:name="android.intent.category.DEFAULT" />
101-->[com.google.firebase:firebase-auth:20.0.1] AndroidManifest.xml:36:17-76
101-->[com.google.firebase:firebase-auth:20.0.1] AndroidManifest.xml:36:27-73
102                <category android:name="android.intent.category.BROWSABLE" />
102-->[com.google.firebase:firebase-auth:20.0.1] AndroidManifest.xml:37:17-78
102-->[com.google.firebase:firebase-auth:20.0.1] AndroidManifest.xml:37:27-75
103
104                <data
104-->[com.google.firebase:firebase-auth:20.0.1] AndroidManifest.xml:39:17-42:51
105                    android:host="firebase.auth"
105-->[com.google.firebase:firebase-auth:20.0.1] AndroidManifest.xml:40:21-49
106                    android:path="/"
106-->[com.google.firebase:firebase-auth:20.0.1] AndroidManifest.xml:41:21-37
107                    android:scheme="recaptcha" />
107-->[com.google.firebase:firebase-auth:20.0.1] AndroidManifest.xml:42:21-48
108            </intent-filter>
109        </activity>
110
111        <service
111-->[com.google.firebase:firebase-auth:20.0.1] AndroidManifest.xml:64:9-73:19
112            android:name="com.google.firebase.auth.api.fallback.service.FirebaseAuthFallbackService"
112-->[com.google.firebase:firebase-auth:20.0.1] AndroidManifest.xml:65:13-101
113            android:enabled="true"
113-->[com.google.firebase:firebase-auth:20.0.1] AndroidManifest.xml:66:13-35
114            android:exported="false" >
114-->[com.google.firebase:firebase-auth:20.0.1] AndroidManifest.xml:67:13-37
115            <intent-filter>
115-->[com.google.firebase:firebase-auth:20.0.1] AndroidManifest.xml:68:13-72:29
116                <action android:name="com.google.firebase.auth.api.gms.service.START" />
116-->[com.google.firebase:firebase-auth:20.0.1] AndroidManifest.xml:69:17-89
116-->[com.google.firebase:firebase-auth:20.0.1] AndroidManifest.xml:69:25-86
117
118                <category android:name="android.intent.category.DEFAULT" />
118-->[com.google.firebase:firebase-auth:20.0.1] AndroidManifest.xml:36:17-76
118-->[com.google.firebase:firebase-auth:20.0.1] AndroidManifest.xml:36:27-73
119            </intent-filter>
120        </service>
121
122        <provider
122-->[com.google.firebase:firebase-common:19.4.0] AndroidManifest.xml:26:9-31:39
123            android:name="com.google.firebase.provider.FirebaseInitProvider"
123-->[com.google.firebase:firebase-common:19.4.0] AndroidManifest.xml:27:13-77
124            android:authorities="com.example.hoppy.firebaseinitprovider"
124-->[com.google.firebase:firebase-common:19.4.0] AndroidManifest.xml:28:13-72
125            android:directBootAware="true"
125-->[com.google.firebase:firebase-common:19.4.0] AndroidManifest.xml:29:13-43
126            android:exported="false"
126-->[com.google.firebase:firebase-common:19.4.0] AndroidManifest.xml:30:13-37
127            android:initOrder="100" />
127-->[com.google.firebase:firebase-common:19.4.0] AndroidManifest.xml:31:13-36
128
129        <activity
129-->[com.google.android.gms:play-services-base:17.1.0] AndroidManifest.xml:23:9-26:75
130            android:name="com.google.android.gms.common.api.GoogleApiActivity"
130-->[com.google.android.gms:play-services-base:17.1.0] AndroidManifest.xml:24:13-79
131            android:exported="false"
131-->[com.google.android.gms:play-services-base:17.1.0] AndroidManifest.xml:25:13-37
132            android:theme="@android:style/Theme.Translucent.NoTitleBar" />
132-->[com.google.android.gms:play-services-base:17.1.0] AndroidManifest.xml:26:13-72
133
134        <meta-data
134-->[com.google.android.gms:play-services-basement:17.1.0] AndroidManifest.xml:23:9-25:69
135            android:name="com.google.android.gms.version"
135-->[com.google.android.gms:play-services-basement:17.1.0] AndroidManifest.xml:24:13-58
136            android:value="@integer/google_play_services_version" />
136-->[com.google.android.gms:play-services-basement:17.1.0] AndroidManifest.xml:25:13-66
137    </application>
138
139</manifest>